=== 2025年9月 社員チェック結果 (確認のみ) ===

❌ 浮穴 康司
エラー: 
09月19日[エラー]本人承認（承認１）されていません。
09月20日[エラー]本人承認（承認１）されていません。
09月21日[エラー]本人承認（承認１）されていません。
09月22日[エラー]本人承認（承認１）されていません。
09月23日[エラー]本人承認（承認１）されていません。
09月24日[エラー]本人承認（承認１）されていません。
09月25日[エラー]本人承認（承認１）されていません。
09月26日[エラー]本人承認（承認１）されていません。
09月27日[エラー]本人承認（承認１）されていません。
09月28日[エラー]本人承認（承認１）されていません。
09月29日[エラー]本人承認（承認１）されていません。
09月30日[エラー]本人承認（承認１）されていません。

❌ 今村 淳
エラー: 
09月24日[エラー]本人承認（承認１）されていません。
09月25日[エラー]本人承認（承認１）されていません。
09月26日[エラー]本人承認（承認１）されていません。
09月27日[エラー]本人承認（承認１）されていません。
09月28日[エラー]本人承認（承認１）されていません。
09月29日[エラー]本人承認（承認１）されていません。
09月30日[エラー]本人承認（承認１）されていません。

❌ 尾芝 亜津子
エラー: 
09月18日[エラー]本人承認（承認１）されていません。
09月19日[エラー]本人承認（承認１）されていません。
09月22日[エラー]本人承認（承認１）されていません。
09月24日[エラー]本人承認（承認１）されていません。
09月25日[エラー]本人承認（承認１）されていません。
09月26日[エラー]本人承認（承認１）されていません。
09月29日[エラー]本人承認（承認１）されていません。
09月30日[エラー]本人承認（承認１）されていません。

✅ 亀田 希 承認チェック完了
🛈 亀田 希 更新ボタン確認済み（クリックなし）

❌ 坂東 冴介
エラー: 
09月01日[エラー]本人承認（承認１）されていません。
09月02日[エラー]本人承認（承認１）されていません。
09月03日[エラー]本人承認（承認１）されていません。
09月04日[エラー]本人承認（承認１）されていません。
09月05日[エラー]本人承認（承認１）されていません。
09月06日[エラー]本人承認（承認１）されていません。
09月07日[エラー]本人承認（承認１）されていません。
09月08日[エラー]本人承認（承認１）されていません。
09月09日[エラー]本人承認（承認１）されていません。
09月10日[エラー]本人承認（承認１）されていません。
09月11日[エラー]本人承認（承認１）されていません。
09月12日[エラー]本人承認（承認１）されていません。
09月13日[エラー]本人承認（承認１）されていません。
09月14日[エラー]本人承認（承認１）されていません。
09月15日[エラー]本人承認（承認１）されていません。
09月16日[エラー]本人承認（承認１）されていません。
09月17日[エラー]本人承認（承認１）されていません。
09月18日[エラー]本人承認（承認１）されていません。
09月19日[エラー]本人承認（承認１）されていません。
09月20日[エラー]本人承認（承認１）されていません。
09月21日[エラー]本人承認（承認１）されていません。
09月22日[エラー]本人承認（承認１）されていません。
09月23日[エラー]本人承認（承認１）されていません。
09月24日[エラー]本人承認（承認１）されていません。
09月25日[エラー]本人承認（承認１）されていません。
09月26日[エラー]本人承認（承認１）されていません。
09月27日[エラー]本人承認（承認１）されていません。
09月28日[エラー]本人承認（承認１）されていません。
09月29日[エラー]本人承認（承認１）されていません。
09月30日[エラー]本人承認（承認１）されていません。

❌ 永田 一真
エラー: 
09月01日[エラー]本人承認（承認１）されていません。
09月02日[エラー]本人承認（承認１）されていません。
09月03日[エラー]本人承認（承認１）されていません。
09月04日[エラー]本人承認（承認１）されていません。
09月05日[エラー]本人承認（承認１）されていません。
09月06日[エラー]本人承認（承認１）されていません。
09月07日[エラー]本人承認（承認１）されていません。
09月08日[エラー]本人承認（承認１）されていません。
09月09日[エラー]本人承認（承認１）されていません。
09月10日[エラー]本人承認（承認１）されていません。
09月11日[エラー]本人承認（承認１）されていません。
09月12日[エラー]本人承認（承認１）されていません。
09月13日[エラー]本人承認（承認１）されていません。
09月14日[エラー]本人承認（承認１）されていません。
09月15日[エラー]本人承認（承認１）されていません。
09月16日[エラー]本人承認（承認１）されていません。
09月17日[エラー]本人承認（承認１）されていません。
09月18日[エラー]本人承認（承認１）されていません。
09月19日[エラー]本人承認（承認１）されていません。
09月20日[エラー]本人承認（承認１）されていません。
09月21日[エラー]本人承認（承認１）されていません。
09月22日[エラー]本人承認（承認１）されていません。
09月23日[エラー]本人承認（承認１）されていません。
09月24日[エラー]本人承認（承認１）されていません。
09月25日[エラー]本人承認（承認１）されていません。
09月26日[エラー]本人承認（承認１）されていません。
09月27日[エラー]本人承認（承認１）されていません。
09月28日[エラー]本人承認（承認１）されていません。
09月29日[エラー]本人承認（承認１）されていません。
09月30日[エラー]本人承認（承認１）されていません。

❌ 冨田 和臣
エラー: 
09月01日[エラー]本人承認（承認１）されていません。
09月02日[エラー]本人承認（承認１）されていません。
09月03日[エラー]本人承認（承認１）されていません。
09月04日[エラー]本人承認（承認１）されていません。
09月05日[エラー]本人承認（承認１）されていません。
09月06日[エラー]本人承認（承認１）されていません。
09月07日[エラー]本人承認（承認１）されていません。
09月08日[エラー]本人承認（承認１）されていません。
09月09日[エラー]本人承認（承認１）されていません。
09月10日[エラー]本人承認（承認１）されていません。
09月11日[エラー]本人承認（承認１）されていません。
09月12日[エラー]本人承認（承認１）されていません。
09月13日[エラー]本人承認（承認１）されていません。
09月14日[エラー]本人承認（承認１）されていません。
09月15日[エラー]本人承認（承認１）されていません。
09月16日[エラー]本人承認（承認１）されていません。
09月17日[エラー]本人承認（承認１）されていません。
09月18日[エラー]本人承認（承認１）されていません。
09月19日[エラー]本人承認（承認１）されていません。
09月20日[エラー]本人承認（承認１）されていません。
09月21日[エラー]本人承認（承認１）されていません。
09月22日[エラー]本人承認（承認１）されていません。
09月23日[エラー]本人承認（承認１）されていません。
09月24日[エラー]本人承認（承認１）されていません。
09月25日[エラー]本人承認（承認１）されていません。
09月26日[エラー]本人承認（承認１）されていません。
09月27日[エラー]本人承認（承認１）されていません。
09月28日[エラー]本人承認（承認１）されていません。
09月29日[エラー]本人承認（承認１）されていません。
09月30日[エラー]本人承認（承認１）されていません。

❌ 東 駿介
エラー: 
09月18日[エラー]本人承認（承認１）されていません。
09月19日[エラー]本人承認（承認１）されていません。
09月20日[エラー]本人承認（承認１）されていません。
09月21日[エラー]本人承認（承認１）されていません。
09月22日[エラー]本人承認（承認１）されていません。
09月23日[エラー]本人承認（承認１）されていません。
09月24日[エラー]本人承認（承認１）されていません。
09月25日[エラー]本人承認（承認１）されていません。
09月26日[エラー]本人承認（承認１）されていません。
09月27日[エラー]本人承認（承認１）されていません。
09月28日[エラー]本人承認（承認１）されていません。
09月29日[エラー]本人承認（承認１）されていません。
09月30日[エラー]本人承認（承認１）されていません。

❌ 畠 宏汰
エラー: 
09月01日[エラー]本人承認（承認１）されていません。
09月02日[エラー]本人承認（承認１）されていません。
09月03日[エラー]本人承認（承認１）されていません。
09月04日[エラー]本人承認（承認１）されていません。
09月05日[エラー]本人承認（承認１）されていません。
09月06日[エラー]本人承認（承認１）されていません。
09月07日[エラー]本人承認（承認１）されていません。
09月08日[エラー]本人承認（承認１）されていません。
09月09日[エラー]本人承認（承認１）されていません。
09月10日[エラー]本人承認（承認１）されていません。
09月11日[エラー]本人承認（承認１）されていません。
09月12日[エラー]本人承認（承認１）されていません。
09月13日[エラー]本人承認（承認１）されていません。
09月14日[エラー]本人承認（承認１）されていません。
09月15日[エラー]本人承認（承認１）されていません。
09月16日[エラー]本人承認（承認１）されていません。
09月17日[エラー]本人承認（承認１）されていません。
09月18日[エラー]本人承認（承認１）されていません。
09月19日[エラー]本人承認（承認１）されていません。
09月20日[エラー]本人承認（承認１）されていません。
09月21日[エラー]本人承認（承認１）されていません。
09月22日[エラー]本人承認（承認１）されていません。
09月23日[エラー]本人承認（承認１）されていません。
09月24日[エラー]本人承認（承認１）されていません。
09月25日[エラー]本人承認（承認１）されていません。
09月26日[エラー]本人承認（承認１）されていません。
09月27日[エラー]本人承認（承認１）されていません。
09月28日[エラー]本人承認（承認１）されていません。
09月29日[エラー]本人承認（承認１）されていません。
09月30日[エラー]本人承認（承認１）されていません。

❌ 前川 恵梨花
エラー: 
09月01日[エラー]本人承認（承認１）されていません。
09月02日[エラー]本人承認（承認１）されていません。
09月03日[エラー]本人承認（承認１）されていません。
09月04日[エラー]本人承認（承認１）されていません。
09月05日[エラー]本人承認（承認１）されていません。
09月06日[エラー]本人承認（承認１）されていません。
09月07日[エラー]本人承認（承認１）されていません。
09月08日[エラー]本人承認（承認１）されていません。
09月09日[エラー]本人承認（承認１）されていません。
09月10日[エラー]本人承認（承認１）されていません。
09月11日[エラー]本人承認（承認１）されていません。
09月12日[エラー]本人承認（承認１）されていません。
09月13日[エラー]本人承認（承認１）されていません。
09月14日[エラー]本人承認（承認１）されていません。
09月15日[エラー]本人承認（承認１）されていません。
09月16日[エラー]本人承認（承認１）されていません。
09月17日[エラー]本人承認（承認１）されていません。
09月18日[エラー]本人承認（承認１）されていません。
09月19日[エラー]本人承認（承認１）されていません。
09月20日[エラー]本人承認（承認１）されていません。
09月21日[エラー]本人承認（承認１）されていません。
09月22日[エラー]本人承認（承認１）されていません。
09月23日[エラー]本人承認（承認１）されていません。
09月24日[エラー]本人承認（承認１）されていません。
09月25日[エラー]本人承認（承認１）されていません。
09月26日[エラー]本人承認（承認１）されていません。
09月27日[エラー]本人承認（承認１）されていません。
09月28日[エラー]本人承認（承認１）されていません。
09月29日[エラー]本人承認（承認１）されていません。
09月30日[エラー]本人承認（承認１）されていません。

✅ ミン スンヒョン 承認チェック完了
🛈 ミン スンヒョン 更新ボタン確認済み（クリックなし）

❌ ユ セヒョン
エラー: 
09月24日[エラー]本人承認（承認１）されていません。
09月25日[エラー]本人承認（承認１）されていません。
09月26日[エラー]本人承認（承認１）されていません。
09月29日[エラー]本人承認（承認１）されていません。
09月30日[エラー]本人承認（承認１）されていません。

❌ クォン ヒョンギュ
エラー: 
09月23日[エラー]本人承認（承認１）されていません。
09月24日[エラー]本人承認（承認１）されていません。
09月25日[エラー]本人承認（承認１）されていません。
09月26日[エラー]本人承認（承認１）されていません。
09月27日[エラー]本人承認（承認１）されていません。
09月28日[エラー]本人承認（承認１）されていません。
09月29日[エラー]本人承認（承認１）されていません。
09月30日[エラー]本人承認（承認１）されていません。

❌ ウ ユミ
エラー: 
09月01日[エラー]本人承認（承認１）されていません。
09月02日[エラー]本人承認（承認１）されていません。
09月03日[エラー]本人承認（承認１）されていません。
09月04日[エラー]本人承認（承認１）されていません。
09月05日[エラー]本人承認（承認１）されていません。
09月06日[エラー]本人承認（承認１）されていません。
09月07日[エラー]本人承認（承認１）されていません。
09月08日[エラー]本人承認（承認１）されていません。
09月09日[エラー]本人承認（承認１）されていません。
09月10日[エラー]本人承認（承認１）されていません。
09月11日[エラー]本人承認（承認１）されていません。
09月12日[エラー]本人承認（承認１）されていません。
09月13日[エラー]本人承認（承認１）されていません。
09月14日[エラー]本人承認（承認１）されていません。
09月15日[エラー]本人承認（承認１）されていません。
09月16日[エラー]本人承認（承認１）されていません。
09月17日[エラー]本人承認（承認１）されていません。
09月18日[エラー]本人承認（承認１）されていません。
09月19日[エラー]本人承認（承認１）されていません。
09月20日[エラー]本人承認（承認１）されていません。
09月21日[エラー]本人承認（承認１）されていません。
09月22日[エラー]本人承認（承認１）されていません。
09月23日[エラー]本人承認（承認１）されていません。
09月24日[エラー]本人承認（承認１）されていません。
09月25日[エラー]本人承認（承認１）されていません。
09月26日[エラー]本人承認（承認１）されていません。
09月27日[エラー]本人承認（承認１）されていません。
09月28日[エラー]本人承認（承認１）されていません。
09月29日[エラー]本人承認（承認１）されていません。
09月30日[エラー]本人承認（承認１）されていません。

❌ 呉　彦興
エラー: 
09月16日[エラー]本人承認（承認１）されていません。
09月17日[エラー]本人承認（承認１）されていません。
09月18日[エラー]本人承認（承認１）されていません。
09月19日[エラー]本人承認（承認１）されていません。
09月20日[エラー]本人承認（承認１）されていません。
09月21日[エラー]本人承認（承認１）されていません。
09月22日[エラー]本人承認（承認１）されていません。
09月23日[エラー]本人承認（承認１）されていません。
09月24日[エラー]本人承認（承認１）されていません。
09月25日[エラー]本人承認（承認１）されていません。
09月26日[エラー]本人承認（承認１）されていません。
09月27日[エラー]本人承認（承認１）されていません。
09月28日[エラー]本人承認（承認１）されていません。
09月29日[エラー]本人承認（承認１）されていません。
09月30日[エラー]本人承認（承認１）されていません。

