=== 2025年9月 社員チェック結果 (更新処理) ===

❌ 浮穴 康司
エラー: 
09月24日[エラー]本人承認（承認１）されていません。
09月25日[エラー]本人承認（承認１）されていません。
09月26日[エラー]本人承認（承認１）されていません。
09月27日[エラー]本人承認（承認１）されていません。
09月28日[エラー]本人承認（承認１）されていません。
09月29日[エラー]本人承認（承認１）されていません。
09月30日[エラー]本人承認（承認１）されていません。

❌ 今村 淳
エラー: 
09月25日[エラー]本人承認（承認１）されていません。
09月26日[エラー]本人承認（承認１）されていません。
09月27日[エラー]本人承認（承認１）されていません。
09月28日[エラー]本人承認（承認１）されていません。
09月29日[エラー]本人承認（承認１）されていません。
09月30日[エラー]本人承認（承認１）されていません。

❌ 尾芝 亜津子
エラー: 
09月26日[エラー]本人承認（承認１）されていません。
09月29日[エラー]本人承認（承認１）されていません。
09月30日[エラー]本人承認（承認１）されていません。

✅ 亀田 希 [確定２]チェック完了
✅ 亀田 希 更新完了

❌ 坂東 冴介
エラー: 
09月26日[エラー]本人承認（承認１）されていません。
09月27日[エラー]本人承認（承認１）されていません。
09月28日[エラー]本人承認（承認１）されていません。
09月29日[エラー]本人承認（承認１）されていません。
09月30日[エラー]本人承認（承認１）されていません。
09月22日[エラー]控除発生時の勤務区分が、「遅刻」「早退」「半欠勤」以外です。
09月24日[エラー]欠勤・遅刻・早退・有給・特休・半休時、メモ欄に理由が入力されていません。
09月25日[エラー]控除発生時の勤務区分が、「遅刻」「早退」「半欠勤」以外です。

❌ 永田 一真
エラー: 
09月01日[エラー]本人承認（承認１）されていません。
09月02日[エラー]本人承認（承認１）されていません。
09月03日[エラー]本人承認（承認１）されていません。
09月04日[エラー]本人承認（承認１）されていません。
09月05日[エラー]本人承認（承認１）されていません。
09月06日[エラー]本人承認（承認１）されていません。
09月07日[エラー]本人承認（承認１）されていません。
09月08日[エラー]本人承認（承認１）されていません。
09月09日[エラー]本人承認（承認１）されていません。
09月10日[エラー]本人承認（承認１）されていません。
09月11日[エラー]本人承認（承認１）されていません。
09月12日[エラー]本人承認（承認１）されていません。
09月13日[エラー]本人承認（承認１）されていません。
09月14日[エラー]本人承認（承認１）されていません。
09月15日[エラー]本人承認（承認１）されていません。
09月16日[エラー]本人承認（承認１）されていません。
09月17日[エラー]本人承認（承認１）されていません。
09月18日[エラー]本人承認（承認１）されていません。
09月19日[エラー]本人承認（承認１）されていません。
09月20日[エラー]本人承認（承認１）されていません。
09月21日[エラー]本人承認（承認１）されていません。
09月22日[エラー]本人承認（承認１）されていません。
09月23日[エラー]本人承認（承認１）されていません。
09月24日[エラー]本人承認（承認１）されていません。
09月25日[エラー]本人承認（承認１）されていません。
09月26日[エラー]本人承認（承認１）されていません。
09月27日[エラー]本人承認（承認１）されていません。
09月28日[エラー]本人承認（承認１）されていません。
09月29日[エラー]本人承認（承認１）されていません。
09月30日[エラー]本人承認（承認１）されていません。

❌ 冨田 和臣
エラー: 
09月01日[エラー]本人承認（承認１）されていません。
09月02日[エラー]本人承認（承認１）されていません。
09月03日[エラー]本人承認（承認１）されていません。
09月04日[エラー]本人承認（承認１）されていません。
09月05日[エラー]本人承認（承認１）されていません。
09月06日[エラー]本人承認（承認１）されていません。
09月07日[エラー]本人承認（承認１）されていません。
09月08日[エラー]本人承認（承認１）されていません。
09月09日[エラー]本人承認（承認１）されていません。
09月10日[エラー]本人承認（承認１）されていません。
09月11日[エラー]本人承認（承認１）されていません。
09月12日[エラー]本人承認（承認１）されていません。
09月13日[エラー]本人承認（承認１）されていません。
09月14日[エラー]本人承認（承認１）されていません。
09月15日[エラー]本人承認（承認１）されていません。
09月16日[エラー]本人承認（承認１）されていません。
09月17日[エラー]本人承認（承認１）されていません。
09月18日[エラー]本人承認（承認１）されていません。
09月19日[エラー]本人承認（承認１）されていません。
09月20日[エラー]本人承認（承認１）されていません。
09月21日[エラー]本人承認（承認１）されていません。
09月22日[エラー]本人承認（承認１）されていません。
09月23日[エラー]本人承認（承認１）されていません。
09月24日[エラー]本人承認（承認１）されていません。
09月25日[エラー]本人承認（承認１）されていません。
09月26日[エラー]本人承認（承認１）されていません。
09月27日[エラー]本人承認（承認１）されていません。
09月28日[エラー]本人承認（承認１）されていません。
09月29日[エラー]本人承認（承認１）されていません。
09月30日[エラー]本人承認（承認１）されていません。

❌ 東 駿介
エラー: 
09月24日[エラー]本人承認（承認１）されていません。
09月25日[エラー]本人承認（承認１）されていません。
09月26日[エラー]本人承認（承認１）されていません。
09月27日[エラー]本人承認（承認１）されていません。
09月28日[エラー]本人承認（承認１）されていません。
09月29日[エラー]本人承認（承認１）されていません。
09月30日[エラー]本人承認（承認１）されていません。

❌ 畠 宏汰
エラー: 
09月24日[エラー]本人承認（承認１）されていません。
09月25日[エラー]本人承認（承認１）されていません。
09月26日[エラー]本人承認（承認１）されていません。
09月27日[エラー]本人承認（承認１）されていません。
09月28日[エラー]本人承認（承認１）されていません。
09月29日[エラー]本人承認（承認１）されていません。
09月30日[エラー]本人承認（承認１）されていません。
09月17日[エラー]勤務区分が「半休」の時、勤務設定が「半休勤務」以外です。
09月17日[エラー]半休で時間外が計上されています。出勤時間と退勤時間を確認して下さい。半休+残業の際は2行目を追加し2行目に残業を記載して下さい。

❌ 前川 恵梨花
エラー: 
09月01日[エラー]本人承認（承認１）されていません。
09月02日[エラー]本人承認（承認１）されていません。
09月03日[エラー]本人承認（承認１）されていません。
09月04日[エラー]本人承認（承認１）されていません。
09月05日[エラー]本人承認（承認１）されていません。
09月06日[エラー]本人承認（承認１）されていません。
09月07日[エラー]本人承認（承認１）されていません。
09月08日[エラー]本人承認（承認１）されていません。
09月09日[エラー]本人承認（承認１）されていません。
09月10日[エラー]本人承認（承認１）されていません。
09月11日[エラー]本人承認（承認１）されていません。
09月12日[エラー]本人承認（承認１）されていません。
09月13日[エラー]本人承認（承認１）されていません。
09月14日[エラー]本人承認（承認１）されていません。
09月15日[エラー]本人承認（承認１）されていません。
09月16日[エラー]本人承認（承認１）されていません。
09月17日[エラー]本人承認（承認１）されていません。
09月18日[エラー]本人承認（承認１）されていません。
09月19日[エラー]本人承認（承認１）されていません。
09月20日[エラー]本人承認（承認１）されていません。
09月21日[エラー]本人承認（承認１）されていません。
09月22日[エラー]本人承認（承認１）されていません。
09月23日[エラー]本人承認（承認１）されていません。
09月24日[エラー]本人承認（承認１）されていません。
09月25日[エラー]本人承認（承認１）されていません。
09月26日[エラー]本人承認（承認１）されていません。
09月27日[エラー]本人承認（承認１）されていません。
09月28日[エラー]本人承認（承認１）されていません。
09月29日[エラー]本人承認（承認１）されていません。
09月30日[エラー]本人承認（承認１）されていません。

✅ ミン スンヒョン [確定２]チェック完了
✅ ミン スンヒョン 更新完了

✅ ユ セヒョン [確定２]チェック完了
✅ ユ セヒョン 更新完了

❌ クォン ヒョンギュ
エラー: 
09月25日[エラー]本人承認（承認１）されていません。
09月26日[エラー]本人承認（承認１）されていません。
09月27日[エラー]本人承認（承認１）されていません。
09月28日[エラー]本人承認（承認１）されていません。
09月29日[エラー]本人承認（承認１）されていません。
09月30日[エラー]本人承認（承認１）されていません。

❌ ウ ユミ
エラー: 
09月01日[エラー]本人承認（承認１）されていません。
09月02日[エラー]本人承認（承認１）されていません。
09月03日[エラー]本人承認（承認１）されていません。
09月04日[エラー]本人承認（承認１）されていません。
09月05日[エラー]本人承認（承認１）されていません。
09月06日[エラー]本人承認（承認１）されていません。
09月07日[エラー]本人承認（承認１）されていません。
09月08日[エラー]本人承認（承認１）されていません。
09月09日[エラー]本人承認（承認１）されていません。
09月10日[エラー]本人承認（承認１）されていません。
09月11日[エラー]本人承認（承認１）されていません。
09月12日[エラー]本人承認（承認１）されていません。
09月13日[エラー]本人承認（承認１）されていません。
09月14日[エラー]本人承認（承認１）されていません。
09月15日[エラー]本人承認（承認１）されていません。
09月16日[エラー]本人承認（承認１）されていません。
09月17日[エラー]本人承認（承認１）されていません。
09月18日[エラー]本人承認（承認１）されていません。
09月19日[エラー]本人承認（承認１）されていません。
09月20日[エラー]本人承認（承認１）されていません。
09月21日[エラー]本人承認（承認１）されていません。
09月22日[エラー]本人承認（承認１）されていません。
09月23日[エラー]本人承認（承認１）されていません。
09月24日[エラー]本人承認（承認１）されていません。
09月25日[エラー]本人承認（承認１）されていません。
09月26日[エラー]本人承認（承認１）されていません。
09月27日[エラー]本人承認（承認１）されていません。
09月28日[エラー]本人承認（承認１）されていません。
09月29日[エラー]本人承認（承認１）されていません。
09月30日[エラー]本人承認（承認１）されていません。

❌ 呉　彦興
エラー: 
09月24日[エラー]本人承認（承認１）されていません。
09月25日[エラー]本人承認（承認１）されていません。
09月26日[エラー]本人承認（承認１）されていません。
09月27日[エラー]本人承認（承認１）されていません。
09月28日[エラー]本人承認（承認１）されていません。
09月29日[エラー]本人承認（承認１）されていません。
09月30日[エラー]本人承認（承認１）されていません。
09月22日[エラー]欠勤・遅刻・早退・有給・特休・半休時、メモ欄に理由が入力されていません。
09月22日[エラー]勤務区分が「半休」の時、勤務設定が「半休勤務」以外です。
09月22日[エラー]半休で時間外が計上されています。出勤時間と退勤時間を確認して下さい。半休+残業の際は2行目を追加し2行目に残業を記載して下さい。

